\BOOKMARK [1][-]{section.1}{\376\377\176\352\213\272}{}% 1
\BOOKMARK [2][-]{subsection.1.1}{\376\377\170\024\172\166\200\314\146\157\124\214\141\017\116\111}{section.1}% 2
\BOOKMARK [2][-]{subsection.1.2}{\376\377\126\375\121\205\131\026\170\024\172\166\163\260\162\266\176\374\217\360}{section.1}% 3
\BOOKMARK [2][-]{subsection.1.3}{\376\377\116\073\211\201\170\024\172\166\121\205\133\271\124\214\122\033\145\260\160\271}{section.1}% 4
\BOOKMARK [1][-]{section.2}{\376\377\166\370\121\163\164\006\213\272\124\214\142\200\147\057\127\372\170\100}{}% 5
\BOOKMARK [2][-]{subsection.2.1}{\376\377\126\376\120\317\126\152\130\360\152\041\127\213\122\006\147\220}{section.2}% 6
\BOOKMARK [3][-]{subsubsection.2.1.1}{\376\377\232\330\145\257\126\152\130\360}{subsection.2.1}% 7
\BOOKMARK [3][-]{subsubsection.2.1.2}{\376\377\151\022\166\320\126\152\130\360}{subsection.2.1}% 8
\BOOKMARK [2][-]{subsection.2.2}{\376\377\155\361\136\246\133\146\116\140\127\372\170\100\164\006\213\272}{section.2}% 9
\BOOKMARK [3][-]{subsubsection.2.2.1}{\376\377\145\071\217\333\166\204\000D\000n\000C\000N\000N\176\323\147\204\213\276\213\241\140\035\140\363}{subsection.2.2}% 10
\BOOKMARK [3][-]{subsubsection.2.2.2}{\376\377\153\213\135\356\133\146\116\140\166\204\117\030\122\277\122\006\147\220}{subsection.2.2}% 11
\BOOKMARK [2][-]{subsection.2.3}{\376\377\126\376\162\107\215\050\221\317\213\304\116\367\143\007\150\007}{section.2}% 12
\BOOKMARK [3][-]{subsubsection.2.3.1}{\376\377\000P\000S\000N\000R\377\010\134\360\120\074\117\341\126\152\153\324\377\011}{subsection.2.3}% 13
\BOOKMARK [3][-]{subsubsection.2.3.2}{\376\377\000S\000S\000I\000M\377\010\176\323\147\204\166\370\117\074\140\047\143\007\145\160\377\011}{subsection.2.3}% 14
\BOOKMARK [1][-]{section.3}{\376\377\127\372\116\216\155\361\136\246\153\213\135\356\133\146\116\140\166\204\123\273\126\152\177\121\176\334\213\276\213\241}{}% 15
\BOOKMARK [2][-]{subsection.3.1}{\376\377\147\072\126\150\133\146\116\140\123\273\126\152\177\121\176\334\213\276\213\241}{section.3}% 16
\BOOKMARK [2][-]{subsection.3.2}{\376\377\134\006\117\040\176\337\145\271\154\325\124\214\123\273\126\152\177\121\176\334\166\370\176\323\124\010}{section.3}% 17
\BOOKMARK [3][-]{subsubsection.3.2.1}{\376\377\155\367\124\010\123\273\126\152\150\106\147\266\213\276\213\241}{subsection.3.2}% 18
\BOOKMARK [3][-]{subsubsection.3.2.2}{\376\377\155\367\124\010\145\271\154\325\150\070\137\303\173\126\165\145}{subsection.3.2}% 19
\BOOKMARK [3][-]{subsubsection.3.2.3}{\376\377\142\200\147\057\122\250\147\072\116\016\117\030\122\277}{subsection.3.2}% 20
\BOOKMARK [1][-]{section.4}{\376\377\131\032\152\041\140\001\126\152\130\360\136\372\152\041}{}% 21
\BOOKMARK [2][-]{subsection.4.1}{\376\377\126\152\130\360\136\372\152\041\145\271\154\325}{section.4}% 22
\BOOKMARK [2][-]{subsection.4.2}{\376\377\201\352\220\002\136\224\213\255\176\303\147\072\122\066}{section.4}% 23
\BOOKMARK [1][-]{section.5}{\376\377\133\236\232\214\213\276\213\241\116\016\176\323\147\234\122\006\147\220}{}% 24
\BOOKMARK [2][-]{subsection.5.1}{\376\377\133\236\232\214\163\257\130\203\213\276\177\156}{section.5}% 25
\BOOKMARK [2][-]{subsection.5.2}{\376\377\213\255\176\303\217\307\172\013\122\006\147\220}{section.5}% 26
\BOOKMARK [2][-]{subsection.5.3}{\376\377\133\371\153\324\133\236\232\214\176\323\147\234}{section.5}% 27
\BOOKMARK [3][-]{subsubsection.5.3.1}{\376\377\221\307\165\050\000D\000I\000V\000-\0002\000K\232\214\213\301\226\306\217\333\210\114\232\214\213\301}{subsection.5.3}% 28
\BOOKMARK [3][-]{subsubsection.5.3.2}{\376\377\155\367\124\010\145\271\154\325\140\047\200\375\164\366\230\210\122\006\147\220}{subsection.5.3}% 29
\BOOKMARK [3][-]{subsubsection.5.3.3}{\376\377\133\371\147\052\147\145\155\367\124\010\173\126\165\145\166\204\124\057\171\072}{subsection.5.3}% 30
\BOOKMARK [1][-]{section.6}{\376\377\140\073\176\323\124\214\134\125\147\033}{}% 31
\BOOKMARK [2][-]{subsection.6.1}{\376\377\135\345\117\134\140\073\176\323}{section.6}% 32
\BOOKMARK [2][-]{subsection.6.2}{\376\377\147\052\147\145\134\125\147\033}{section.6}% 33
