This is pdfTeX, Version 3.141592653-2.6-1.40.27 (TeX Live 2025) (preloaded format=pdflatex 2025.11.4)  11 DEC 2025 14:58
entering extended mode
 restricted \write18 enabled.
 %&-line parsing enabled.
**main.tex
(./main.tex
LaTeX2e <2024-11-01> patch level 2
L3 programming layer <2025-01-18>
(e:/latex/texlive/2025/texmf-dist/tex/latex/base/article.cls
Document Class: article 2024/06/29 v1.4n Standard LaTeX document class
(e:/latex/texlive/2025/texmf-dist/tex/latex/base/size12.clo
File: size12.clo 2024/06/29 v1.4n Standard LaTeX file (size option)
)
\c@part=\count196
\c@section=\count197
\c@subsection=\count198
\c@subsubsection=\count199
\c@paragraph=\count266
\c@subparagraph=\count267
\c@figure=\count268
\c@table=\count269
\abovecaptionskip=\skip49
\belowcaptionskip=\skip50
\bibindent=\dimen141
)
(e:/latex/texlive/2025/texmf-dist/tex/latex/geometry/geometry.sty
Package: geometry 2020/01/02 v5.9 Page Geometry

(e:/latex/texlive/2025/texmf-dist/tex/latex/graphics/keyval.sty
Package: keyval 2022/05/29 v1.15 key=value parser (DPC)
\KV@toks@=\toks17
)
(e:/latex/texlive/2025/texmf-dist/tex/generic/iftex/ifvtex.sty
Package: ifvtex 2019/10/25 v1.7 ifvtex legacy package. Use iftex instead.

(e:/latex/texlive/2025/texmf-dist/tex/generic/iftex/iftex.sty
Package: iftex 2024/12/12 v1.0g TeX engine tests
))
\Gm@cnth=\count270
\Gm@cntv=\count271
\c@Gm@tempcnt=\count272
\Gm@bindingoffset=\dimen142
\Gm@wd@mp=\dimen143
\Gm@odd@mp=\dimen144
\Gm@even@mp=\dimen145
\Gm@layoutwidth=\dimen146
\Gm@layoutheight=\dimen147
\Gm@layouthoffset=\dimen148
\Gm@layoutvoffset=\dimen149
\Gm@dimlist=\toks18
)
(e:/latex/texlive/2025/texmf-dist/tex/latex/ctex/ctex.sty
(e:/latex/texlive/2025/texmf-dist/tex/latex/l3kernel/expl3.sty
Package: expl3 2025-01-18 L3 programming layer (loader) 

(e:/latex/texlive/2025/texmf-dist/tex/latex/l3backend/l3backend-pdftex.def
File: l3backend-pdftex.def 2024-05-08 L3 backend support: PDF output (pdfTeX)
\l__color_backend_stack_int=\count273
\l__pdf_internal_box=\box52
))
Package: ctex 2022/07/14 v2.5.10 Chinese adapter in LaTeX (CTEX)

(e:/latex/texlive/2025/texmf-dist/tex/latex/ctex/ctexhook.sty
Package: ctexhook 2022/07/14 v2.5.10 Document and package hooks (CTEX)
)
(e:/latex/texlive/2025/texmf-dist/tex/latex/ctex/ctexpatch.sty
Package: ctexpatch 2022/07/14 v2.5.10 Patching commands (CTEX)
)
(e:/latex/texlive/2025/texmf-dist/tex/latex/base/fix-cm.sty
Package: fix-cm 2020/11/24 v1.1t fixes to LaTeX

(e:/latex/texlive/2025/texmf-dist/tex/latex/base/ts1enc.def
File: ts1enc.def 2001/06/05 v3.0e (jk/car/fm) Standard LaTeX file
LaTeX Font Info:    Redeclaring font encoding TS1 on input line 47.
))
\l__ctex_tmp_int=\count274
\l__ctex_tmp_box=\box53
\l__ctex_tmp_dim=\dimen150
\g__ctex_section_depth_int=\count275
\g__ctex_font_size_int=\count276

(e:/latex/texlive/2025/texmf-dist/tex/latex/ctex/config/ctexopts.cfg
File: ctexopts.cfg 2022/07/14 v2.5.10 Option configuration file (CTEX)
)

Package ctex Warning: UTF8 will be used as the default encoding.

(e:/latex/texlive/2025/texmf-dist/tex/latex/ctex/engine/ctex-engine-pdftex.def
File: ctex-engine-pdftex.def 2022/07/14 v2.5.10 (pdf)LaTeX adapter (CTEX)

(e:/latex/texlive/2025/texmf-dist/tex/latex/cjk/texinput/CJKutf8.sty
Package: CJKutf8 2021/10/16 4.8.5

(e:/latex/texlive/2025/texmf-dist/tex/generic/iftex/ifpdf.sty
Package: ifpdf 2019/10/25 v3.4 ifpdf legacy package. Use iftex instead.
)
(e:/latex/texlive/2025/texmf-dist/tex/latex/base/inputenc.sty
Package: inputenc 2024/02/08 v1.3d Input encoding file
\inpenc@prehook=\toks19
\inpenc@posthook=\toks20
)
(e:/latex/texlive/2025/texmf-dist/tex/latex/cjk/texinput/CJK.sty
Package: CJK 2021/10/16 4.8.5

(e:/latex/texlive/2025/texmf-dist/tex/latex/cjk/texinput/mule/MULEenc.sty
Package: MULEenc 2021/10/16 4.8.5
)
(e:/latex/texlive/2025/texmf-dist/tex/latex/cjk/texinput/CJK.enc
File: CJK.enc 2021/10/16 4.8.5
Now handling font encoding C00 ...
... no UTF-8 mapping file for font encoding C00
Now handling font encoding C05 ...
... no UTF-8 mapping file for font encoding C05
Now handling font encoding C09 ...
... no UTF-8 mapping file for font encoding C09
Now handling font encoding C10 ...
... no UTF-8 mapping file for font encoding C10
Now handling font encoding C20 ...
... no UTF-8 mapping file for font encoding C20
Now handling font encoding C19 ...
... no UTF-8 mapping file for font encoding C19
Now handling font encoding C40 ...
... no UTF-8 mapping file for font encoding C40
Now handling font encoding C42 ...
... no UTF-8 mapping file for font encoding C42
Now handling font encoding C43 ...
... no UTF-8 mapping file for font encoding C43
Now handling font encoding C50 ...
... no UTF-8 mapping file for font encoding C50
Now handling font encoding C52 ...
... no UTF-8 mapping file for font encoding C52
Now handling font encoding C49 ...
... no UTF-8 mapping file for font encoding C49
Now handling font encoding C60 ...
... no UTF-8 mapping file for font encoding C60
Now handling font encoding C61 ...
... no UTF-8 mapping file for font encoding C61
Now handling font encoding C63 ...
... no UTF-8 mapping file for font encoding C63
Now handling font encoding C64 ...
... no UTF-8 mapping file for font encoding C64
Now handling font encoding C65 ...
... no UTF-8 mapping file for font encoding C65
Now handling font encoding C70 ...
... no UTF-8 mapping file for font encoding C70
Now handling font encoding C31 ...
... no UTF-8 mapping file for font encoding C31
Now handling font encoding C32 ...
... no UTF-8 mapping file for font encoding C32
Now handling font encoding C33 ...
... no UTF-8 mapping file for font encoding C33
Now handling font encoding C34 ...
... no UTF-8 mapping file for font encoding C34
Now handling font encoding C35 ...
... no UTF-8 mapping file for font encoding C35
Now handling font encoding C36 ...
... no UTF-8 mapping file for font encoding C36
Now handling font encoding C37 ...
... no UTF-8 mapping file for font encoding C37
Now handling font encoding C80 ...
... no UTF-8 mapping file for font encoding C80
Now handling font encoding C81 ...
... no UTF-8 mapping file for font encoding C81
Now handling font encoding C01 ...
... no UTF-8 mapping file for font encoding C01
Now handling font encoding C11 ...
... no UTF-8 mapping file for font encoding C11
Now handling font encoding C21 ...
... no UTF-8 mapping file for font encoding C21
Now handling font encoding C41 ...
... no UTF-8 mapping file for font encoding C41
Now handling font encoding C62 ...
... no UTF-8 mapping file for font encoding C62
)
\CJK@indent=\box54
)
(e:/latex/texlive/2025/texmf-dist/tex/latex/base/fontenc.sty
Package: fontenc 2021/04/29 v2.0v Standard LaTeX package
))
(e:/latex/texlive/2025/texmf-dist/tex/latex/cjkpunct/CJKpunct.sty
Package: CJKpunct 2016/05/14 4.8.4
\CJKpunct@cnta=\count277
\CJKpunct@cntb=\count278
\CJKpunct@cntc=\count279
\CJKpunct@cntd=\count280
\CJKpunct@cnte=\count281
   defining Unicode char U+2018 (decimal 8216)
   defining Unicode char U+2019 (decimal 8217)
   defining Unicode char U+201C (decimal 8220)
   defining Unicode char U+201D (decimal 8221)
   defining Unicode char U+2014 (decimal 8212)
   defining Unicode char U+2026 (decimal 8230)

(e:/latex/texlive/2025/texmf-dist/tex/latex/cjkpunct/CJKpunct.spa))
(e:/latex/texlive/2025/texmf-dist/tex/latex/cjk/texinput/CJKspace.sty
Package: CJKspace 2021/10/16 3.8.0
)
(e:/latex/texlive/2025/texmf-dist/tex/latex/cjk/texinput/UTF8/UTF8.bdg
File: UTF8.bdg 2021/10/16 4.8.5
)
(e:/latex/texlive/2025/texmf-dist/tex/latex/ctex/ctexspa.def
File: ctexspa.def 2022/07/14 v2.5.10 Space info for CJKpunct (CTEX)
)
\ccwd=\dimen151
\l__ctex_ccglue_skip=\skip51
)
\l__ctex_ziju_dim=\dimen152

(e:/latex/texlive/2025/texmf-dist/tex/latex/zhnumber/zhnumber.sty
Package: zhnumber 2022/07/14 v3.0 Typesetting numbers with Chinese glyphs
\l__zhnum_scale_int=\count282
\l__zhnum_tmp_int=\count283

(e:/latex/texlive/2025/texmf-dist/tex/latex/zhnumber/zhnumber-utf8.cfg
File: zhnumber-utf8.cfg 2022/07/14 v3.0 Chinese numerals with UTF8 encoding
))
(e:/latex/texlive/2025/texmf-dist/tex/latex/ctex/scheme/ctex-scheme-chinese.def
File: ctex-scheme-chinese.def 2022/07/14 v2.5.10 Chinese scheme for generic (CT
EX)
(e:/latex/texlive/2025/texmf-dist/tex/latex/ctex/config/ctex-name-utf8.cfg
File: ctex-name-utf8.cfg 2022/07/14 v2.5.10 Caption with encoding UTF-8 (CTEX)
))
(e:/latex/texlive/2025/texmf-dist/tex/latex/tools/indentfirst.sty
Package: indentfirst 2023/07/02 v1.03 Indent first paragraph (DPC)
)
(e:/latex/texlive/2025/texmf-dist/tex/latex/ctex/fontset/ctex-fontset-windows.d
ef
File: ctex-fontset-windows.def 2022/07/14 v2.5.10 Windows fonts definition (CTE
X)
)) (e:/latex/texlive/2025/texmf-dist/tex/latex/ctex/config/ctex.cfg
File: ctex.cfg 2022/07/14 v2.5.10 Configuration file (CTEX)
)
(e:/latex/texlive/2025/texmf-dist/tex/latex/amsmath/amsmath.sty
Package: amsmath 2024/11/05 v2.17t AMS math features
\@mathmargin=\skip52

For additional information on amsmath, use the `?' option.
(e:/latex/texlive/2025/texmf-dist/tex/latex/amsmath/amstext.sty
Package: amstext 2021/08/26 v2.01 AMS text

(e:/latex/texlive/2025/texmf-dist/tex/latex/amsmath/amsgen.sty
File: amsgen.sty 1999/11/30 v2.0 generic functions
\@emptytoks=\toks21
\ex@=\dimen153
))
(e:/latex/texlive/2025/texmf-dist/tex/latex/amsmath/amsbsy.sty
Package: amsbsy 1999/11/29 v1.2d Bold Symbols
\pmbraise@=\dimen154
)
(e:/latex/texlive/2025/texmf-dist/tex/latex/amsmath/amsopn.sty
Package: amsopn 2022/04/08 v2.04 operator names
)
\inf@bad=\count284
LaTeX Info: Redefining \frac on input line 233.
\uproot@=\count285
\leftroot@=\count286
LaTeX Info: Redefining \overline on input line 398.
LaTeX Info: Redefining \colon on input line 409.
\classnum@=\count287
\DOTSCASE@=\count288
LaTeX Info: Redefining \ldots on input line 495.
LaTeX Info: Redefining \dots on input line 498.
LaTeX Info: Redefining \cdots on input line 619.
\Mathstrutbox@=\box55
\strutbox@=\box56
LaTeX Info: Redefining \big on input line 721.
LaTeX Info: Redefining \Big on input line 722.
LaTeX Info: Redefining \bigg on input line 723.
LaTeX Info: Redefining \Bigg on input line 724.
\big@size=\dimen155
LaTeX Font Info:    Redeclaring font encoding OML on input line 742.
LaTeX Font Info:    Redeclaring font encoding OMS on input line 743.
\macc@depth=\count289
LaTeX Info: Redefining \bmod on input line 904.
LaTeX Info: Redefining \pmod on input line 909.
LaTeX Info: Redefining \smash on input line 939.
LaTeX Info: Redefining \relbar on input line 969.
LaTeX Info: Redefining \Relbar on input line 970.
\c@MaxMatrixCols=\count290
\dotsspace@=\muskip17
\c@parentequation=\count291
\dspbrk@lvl=\count292
\tag@help=\toks22
\row@=\count293
\column@=\count294
\maxfields@=\count295
\andhelp@=\toks23
\eqnshift@=\dimen156
\alignsep@=\dimen157
\tagshift@=\dimen158
\tagwidth@=\dimen159
\totwidth@=\dimen160
\lineht@=\dimen161
\@envbody=\toks24
\multlinegap=\skip53
\multlinetaggap=\skip54
\mathdisplay@stack=\toks25
LaTeX Info: Redefining \[ on input line 2953.
LaTeX Info: Redefining \] on input line 2954.
)
(e:/latex/texlive/2025/texmf-dist/tex/latex/amsfonts/amssymb.sty
Package: amssymb 2013/01/14 v3.01 AMS font symbols

(e:/latex/texlive/2025/texmf-dist/tex/latex/amsfonts/amsfonts.sty
Package: amsfonts 2013/01/14 v3.01 Basic AMSFonts support
\symAMSa=\mathgroup4
\symAMSb=\mathgroup5
LaTeX Font Info:    Redeclaring math symbol \hbar on input line 98.
LaTeX Font Info:    Overwriting math alphabet `\mathfrak' in version `bold'
(Font)                  U/euf/m/n --> U/euf/b/n on input line 106.
))
(e:/latex/texlive/2025/texmf-dist/tex/latex/graphics/graphicx.sty
Package: graphicx 2021/09/16 v1.2d Enhanced LaTeX Graphics (DPC,SPQR)

(e:/latex/texlive/2025/texmf-dist/tex/latex/graphics/graphics.sty
Package: graphics 2024/08/06 v1.4g Standard LaTeX Graphics (DPC,SPQR)

(e:/latex/texlive/2025/texmf-dist/tex/latex/graphics/trig.sty
Package: trig 2023/12/02 v1.11 sin cos tan (DPC)
)
(e:/latex/texlive/2025/texmf-dist/tex/latex/graphics-cfg/graphics.cfg
File: graphics.cfg 2016/06/04 v1.11 sample graphics configuration
)
Package graphics Info: Driver file: pdftex.def on input line 106.

(e:/latex/texlive/2025/texmf-dist/tex/latex/graphics-def/pdftex.def
File: pdftex.def 2024/04/13 v1.2c Graphics/color driver for pdftex
))
\Gin@req@height=\dimen162
\Gin@req@width=\dimen163
)
(e:/latex/texlive/2025/texmf-dist/tex/latex/booktabs/booktabs.sty
Package: booktabs 2020/01/12 v1.61803398 Publication quality tables
\heavyrulewidth=\dimen164
\lightrulewidth=\dimen165
\cmidrulewidth=\dimen166
\belowrulesep=\dimen167
\belowbottomsep=\dimen168
\aboverulesep=\dimen169
\abovetopsep=\dimen170
\cmidrulesep=\dimen171
\cmidrulekern=\dimen172
\defaultaddspace=\dimen173
\@cmidla=\count296
\@cmidlb=\count297
\@aboverulesep=\dimen174
\@belowrulesep=\dimen175
\@thisruleclass=\count298
\@lastruleclass=\count299
\@thisrulewidth=\dimen176
)
(e:/latex/texlive/2025/texmf-dist/tex/latex/multirow/multirow.sty
Package: multirow 2024/11/12 v2.9 Span multiple rows of a table
\multirow@colwidth=\skip55
\multirow@cntb=\count300
\multirow@dima=\skip56
\bigstrutjot=\dimen177
)
(e:/latex/texlive/2025/texmf-dist/tex/latex/xurl/xurl.sty
Package: xurl 2022/01/09 v 0.10 modify URL breaks

(e:/latex/texlive/2025/texmf-dist/tex/latex/url/url.sty
\Urlmuskip=\muskip18
Package: url 2013/09/16  ver 3.4  Verb mode for urls, etc.
))
(e:/latex/texlive/2025/texmf-dist/tex/latex/hyperref/hyperref.sty
Package: hyperref 2024-11-05 v7.01l Hypertext links for LaTeX

(e:/latex/texlive/2025/texmf-dist/tex/latex/kvsetkeys/kvsetkeys.sty
Package: kvsetkeys 2022-10-05 v1.19 Key value parser (HO)
)
(e:/latex/texlive/2025/texmf-dist/tex/generic/kvdefinekeys/kvdefinekeys.sty
Package: kvdefinekeys 2019-12-19 v1.6 Define keys (HO)
)
(e:/latex/texlive/2025/texmf-dist/tex/generic/pdfescape/pdfescape.sty
Package: pdfescape 2019/12/09 v1.15 Implements pdfTeX's escape features (HO)

(e:/latex/texlive/2025/texmf-dist/tex/generic/ltxcmds/ltxcmds.sty
Package: ltxcmds 2023-12-04 v1.26 LaTeX kernel commands for general use (HO)
)
(e:/latex/texlive/2025/texmf-dist/tex/generic/pdftexcmds/pdftexcmds.sty
Package: pdftexcmds 2020-06-27 v0.33 Utility functions of pdfTeX for LuaTeX (HO
)

(e:/latex/texlive/2025/texmf-dist/tex/generic/infwarerr/infwarerr.sty
Package: infwarerr 2019/12/03 v1.5 Providing info/warning/error messages (HO)
)
Package pdftexcmds Info: \pdf@primitive is available.
Package pdftexcmds Info: \pdf@ifprimitive is available.
Package pdftexcmds Info: \pdfdraftmode found.
))
(e:/latex/texlive/2025/texmf-dist/tex/latex/hycolor/hycolor.sty
Package: hycolor 2020-01-27 v1.10 Color options for hyperref/bookmark (HO)
)
(e:/latex/texlive/2025/texmf-dist/tex/latex/hyperref/nameref.sty
Package: nameref 2023-11-26 v2.56 Cross-referencing by name of section

(e:/latex/texlive/2025/texmf-dist/tex/latex/refcount/refcount.sty
Package: refcount 2019/12/15 v3.6 Data extraction from label references (HO)
)
(e:/latex/texlive/2025/texmf-dist/tex/generic/gettitlestring/gettitlestring.sty
Package: gettitlestring 2019/12/15 v1.6 Cleanup title references (HO)
(e:/latex/texlive/2025/texmf-dist/tex/latex/kvoptions/kvoptions.sty
Package: kvoptions 2022-06-15 v3.15 Key value format for package options (HO)
))
\c@section@level=\count301
)
(e:/latex/texlive/2025/texmf-dist/tex/latex/etoolbox/etoolbox.sty
Package: etoolbox 2025/02/11 v2.5l e-TeX tools for LaTeX (JAW)
\etb@tempcnta=\count302
)
(e:/latex/texlive/2025/texmf-dist/tex/generic/stringenc/stringenc.sty
Package: stringenc 2019/11/29 v1.12 Convert strings between diff. encodings (HO
)
)
\@linkdim=\dimen178
\Hy@linkcounter=\count303
\Hy@pagecounter=\count304

(e:/latex/texlive/2025/texmf-dist/tex/latex/hyperref/pd1enc.def
File: pd1enc.def 2024-11-05 v7.01l Hyperref: PDFDocEncoding definition (HO)
Now handling font encoding PD1 ...
... no UTF-8 mapping file for font encoding PD1
)
(e:/latex/texlive/2025/texmf-dist/tex/generic/intcalc/intcalc.sty
Package: intcalc 2019/12/15 v1.3 Expandable calculations with integers (HO)
)
\Hy@SavedSpaceFactor=\count305

(e:/latex/texlive/2025/texmf-dist/tex/latex/hyperref/puenc.def
File: puenc.def 2024-11-05 v7.01l Hyperref: PDF Unicode definition (HO)
Now handling font encoding PU ...
... no UTF-8 mapping file for font encoding PU
)
Package hyperref Info: Option `unicode' set `true' on input line 4040.
Package hyperref Info: Option `breaklinks' set `true' on input line 4040.
Package hyperref Info: Hyper figures OFF on input line 4157.
Package hyperref Info: Link nesting OFF on input line 4162.
Package hyperref Info: Hyper index ON on input line 4165.
Package hyperref Info: Plain pages OFF on input line 4172.
Package hyperref Info: Backreferencing OFF on input line 4177.
Package hyperref Info: Implicit mode ON; LaTeX internals redefined.
Package hyperref Info: Bookmarks ON on input line 4424.
\c@Hy@tempcnt=\count306
LaTeX Info: Redefining \url on input line 4763.
\XeTeXLinkMargin=\dimen179

(e:/latex/texlive/2025/texmf-dist/tex/generic/bitset/bitset.sty
Package: bitset 2019/12/09 v1.3 Handle bit-vector datatype (HO)

(e:/latex/texlive/2025/texmf-dist/tex/generic/bigintcalc/bigintcalc.sty
Package: bigintcalc 2019/12/15 v1.5 Expandable calculations on big integers (HO
)
))
\Fld@menulength=\count307
\Field@Width=\dimen180
\Fld@charsize=\dimen181
Package hyperref Info: Hyper figures OFF on input line 6042.
Package hyperref Info: Link nesting OFF on input line 6047.
Package hyperref Info: Hyper index ON on input line 6050.
Package hyperref Info: backreferencing OFF on input line 6057.
Package hyperref Info: Link coloring OFF on input line 6062.
Package hyperref Info: Link coloring with OCG OFF on input line 6067.
Package hyperref Info: PDF/A mode OFF on input line 6072.

(e:/latex/texlive/2025/texmf-dist/tex/latex/base/atbegshi-ltx.sty
Package: atbegshi-ltx 2021/01/10 v1.0c Emulation of the original atbegshi
package with kernel methods
)
\Hy@abspage=\count308
\c@Item=\count309
\c@Hfootnote=\count310
)
Package hyperref Info: Driver (autodetected): hpdftex.

(e:/latex/texlive/2025/texmf-dist/tex/latex/hyperref/hpdftex.def
File: hpdftex.def 2024-11-05 v7.01l Hyperref driver for pdfTeX

(e:/latex/texlive/2025/texmf-dist/tex/latex/base/atveryend-ltx.sty
Package: atveryend-ltx 2020/08/19 v1.0a Emulation of the original atveryend pac
kage
with kernel methods
)
\Fld@listcount=\count311
\c@bookmark@seq@number=\count312

(e:/latex/texlive/2025/texmf-dist/tex/latex/rerunfilecheck/rerunfilecheck.sty
Package: rerunfilecheck 2022-07-10 v1.10 Rerun checks for auxiliary files (HO)

(e:/latex/texlive/2025/texmf-dist/tex/generic/uniquecounter/uniquecounter.sty
Package: uniquecounter 2019/12/15 v1.4 Provide unlimited unique counter (HO)
)
Package uniquecounter Info: New unique counter `rerunfilecheck' on input line 2
85.
)
\Hy@SectionHShift=\skip57
)
Package hyperref Info: Option `colorlinks' set `true' on input line 10.
 (e:/latex/texlive/2025/texmf-dist/tex/latex/cjk/texinput/UTF8/UTF8.enc
File: UTF8.enc 2021/10/16 4.8.5
)
(e:/latex/texlive/2025/texmf-dist/tex/latex/cjk/texinput/UTF8/UTF8.chr
File: UTF8.chr 2021/10/16 4.8.5
)
(./main.aux)
\openout1 = `main.aux'.

LaTeX Font Info:    Checking defaults for OML/cmm/m/it on input line 33.
LaTeX Font Info:    ... okay on input line 33.
LaTeX Font Info:    Checking defaults for OMS/cmsy/m/n on input line 33.
LaTeX Font Info:    ... okay on input line 33.
LaTeX Font Info:    Checking defaults for OT1/cmr/m/n on input line 33.
LaTeX Font Info:    ... okay on input line 33.
LaTeX Font Info:    Checking defaults for T1/cmr/m/n on input line 33.
LaTeX Font Info:    ... okay on input line 33.
LaTeX Font Info:    Checking defaults for TS1/cmr/m/n on input line 33.
LaTeX Font Info:    ... okay on input line 33.
LaTeX Font Info:    Checking defaults for OMX/cmex/m/n on input line 33.
LaTeX Font Info:    ... okay on input line 33.
LaTeX Font Info:    Checking defaults for U/cmr/m/n on input line 33.
LaTeX Font Info:    ... okay on input line 33.
LaTeX Font Info:    Checking defaults for C00/song/m/n on input line 33.
LaTeX Font Info:    ... okay on input line 33.
LaTeX Font Info:    Checking defaults for C05/song/m/n on input line 33.
LaTeX Font Info:    ... okay on input line 33.
LaTeX Font Info:    Checking defaults for C09/song/m/n on input line 33.
LaTeX Font Info:    ... okay on input line 33.
LaTeX Font Info:    Checking defaults for C10/song/m/n on input line 33.
LaTeX Font Info:    ... okay on input line 33.
LaTeX Font Info:    Checking defaults for C20/song/m/n on input line 33.
LaTeX Font Info:    ... okay on input line 33.
LaTeX Font Info:    Checking defaults for C19/song/m/n on input line 33.
LaTeX Font Info:    ... okay on input line 33.
LaTeX Font Info:    Checking defaults for C40/song/m/n on input line 33.
LaTeX Font Info:    ... okay on input line 33.
LaTeX Font Info:    Checking defaults for C42/song/m/n on input line 33.
LaTeX Font Info:    ... okay on input line 33.
LaTeX Font Info:    Checking defaults for C43/song/m/n on input line 33.
LaTeX Font Info:    ... okay on input line 33.
LaTeX Font Info:    Checking defaults for C50/song/m/n on input line 33.
LaTeX Font Info:    ... okay on input line 33.
LaTeX Font Info:    Checking defaults for C52/song/m/n on input line 33.
LaTeX Font Info:    ... okay on input line 33.
LaTeX Font Info:    Checking defaults for C49/song/m/n on input line 33.
LaTeX Font Info:    ... okay on input line 33.
LaTeX Font Info:    Checking defaults for C60/mj/m/n on input line 33.
LaTeX Font Info:    ... okay on input line 33.
LaTeX Font Info:    Checking defaults for C61/mj/m/n on input line 33.
LaTeX Font Info:    ... okay on input line 33.
LaTeX Font Info:    Checking defaults for C63/mj/m/n on input line 33.
LaTeX Font Info:    ... okay on input line 33.
LaTeX Font Info:    Checking defaults for C64/mj/m/n on input line 33.
LaTeX Font Info:    ... okay on input line 33.
LaTeX Font Info:    Checking defaults for C65/mj/m/n on input line 33.
LaTeX Font Info:    ... okay on input line 33.
LaTeX Font Info:    Checking defaults for C70/song/m/n on input line 33.
LaTeX Font Info:    ... okay on input line 33.
LaTeX Font Info:    Checking defaults for C31/song/m/n on input line 33.
LaTeX Font Info:    ... okay on input line 33.
LaTeX Font Info:    Checking defaults for C32/song/m/n on input line 33.
LaTeX Font Info:    ... okay on input line 33.
LaTeX Font Info:    Checking defaults for C33/song/m/n on input line 33.
LaTeX Font Info:    ... okay on input line 33.
LaTeX Font Info:    Checking defaults for C34/song/m/n on input line 33.
LaTeX Font Info:    ... okay on input line 33.
LaTeX Font Info:    Checking defaults for C35/song/m/n on input line 33.
LaTeX Font Info:    ... okay on input line 33.
LaTeX Font Info:    Checking defaults for C36/song/m/n on input line 33.
LaTeX Font Info:    ... okay on input line 33.
LaTeX Font Info:    Checking defaults for C37/song/m/n on input line 33.
LaTeX Font Info:    ... okay on input line 33.
LaTeX Font Info:    Checking defaults for C80/song/m/n on input line 33.
LaTeX Font Info:    ... okay on input line 33.
LaTeX Font Info:    Checking defaults for C81/song/m/n on input line 33.
LaTeX Font Info:    ... okay on input line 33.
LaTeX Font Info:    Checking defaults for C01/song/m/n on input line 33.
LaTeX Font Info:    ... okay on input line 33.
LaTeX Font Info:    Checking defaults for C11/song/m/n on input line 33.
LaTeX Font Info:    ... okay on input line 33.
LaTeX Font Info:    Checking defaults for C21/song/m/n on input line 33.
LaTeX Font Info:    ... okay on input line 33.
LaTeX Font Info:    Checking defaults for C41/song/m/n on input line 33.
LaTeX Font Info:    ... okay on input line 33.
LaTeX Font Info:    Checking defaults for C62/song/m/n on input line 33.
LaTeX Font Info:    ... okay on input line 33.
LaTeX Font Info:    Checking defaults for PD1/pdf/m/n on input line 33.
LaTeX Font Info:    ... okay on input line 33.
LaTeX Font Info:    Checking defaults for PU/pdf/m/n on input line 33.
LaTeX Font Info:    ... okay on input line 33.

*geometry* driver: auto-detecting
*geometry* detected driver: pdftex
*geometry* verbose mode - [ preamble ] result:
* driver: pdftex
* paper: a4paper
* layout: <same size as paper>
* layoutoffset:(h,v)=(0.0pt,0.0pt)
* modes: 
* h-part:(L,W,R)=(72.26999pt, 452.9679pt, 72.26999pt)
* v-part:(T,H,B)=(72.26999pt, 700.50687pt, 72.26999pt)
* \paperwidth=597.50787pt
* \paperheight=845.04684pt
* \textwidth=452.9679pt
* \textheight=700.50687pt
* \oddsidemargin=0.0pt
* \evensidemargin=0.0pt
* \topmargin=-37.0pt
* \headheight=12.0pt
* \headsep=25.0pt
* \topskip=12.0pt
* \footskip=30.0pt
* \marginparwidth=35.0pt
* \marginparsep=10.0pt
* \columnsep=10.0pt
* \skip\footins=10.8pt plus 4.0pt minus 2.0pt
* \hoffset=0.0pt
* \voffset=0.0pt
* \mag=1000
* \@twocolumnfalse
* \@twosidefalse
* \@mparswitchfalse
* \@reversemarginfalse
* (1in=72.27pt=25.4mm, 1cm=28.453pt)

(e:/latex/texlive/2025/texmf-dist/tex/context/base/mkii/supp-pdf.mkii
[Loading MPS to PDF converter (version 2006.09.02).]
\scratchcounter=\count313
\scratchdimen=\dimen182
\scratchbox=\box57
\nofMPsegments=\count314
\nofMParguments=\count315
\everyMPshowfont=\toks26
\MPscratchCnt=\count316
\MPscratchDim=\dimen183
\MPnumerator=\count317
\makeMPintoPDFobject=\count318
\everyMPtoPDFconversion=\toks27
) (e:/latex/texlive/2025/texmf-dist/tex/latex/epstopdf-pkg/epstopdf-base.sty
Package: epstopdf-base 2020-01-24 v2.11 Base part for package epstopdf
Package epstopdf-base Info: Redefining graphics rule for `.eps' on input line 4
85.

(e:/latex/texlive/2025/texmf-dist/tex/latex/latexconfig/epstopdf-sys.cfg
File: epstopdf-sys.cfg 2010/07/13 v1.3 Configuration of (r)epstopdf for TeX Liv
e
))
(e:/latex/texlive/2025/texmf-dist/tex/latex/graphics/color.sty
Package: color 2024/06/23 v1.3e Standard LaTeX Color (DPC)

(e:/latex/texlive/2025/texmf-dist/tex/latex/graphics-cfg/color.cfg
File: color.cfg 2016/01/02 v1.6 sample color configuration
)
Package color Info: Driver file: pdftex.def on input line 149.

(e:/latex/texlive/2025/texmf-dist/tex/latex/graphics/mathcolor.ltx))
Package hyperref Info: Link coloring ON on input line 33.

(./main.out) (./main.out)
\@outlinefile=\write3
\openout3 = `main.out'.

LaTeX Font Info:    Trying to load font information for C70+rm on input line 36
.

(e:/latex/texlive/2025/texmf-dist/tex/latex/ctex/fd/c70rm.fd
File: c70rm.fd 2022/07/14 v2.5.10 Chinese font definition (CTEX)
)
LaTeX Font Info:    Trying to load font information for U+msa on input line 36.


(e:/latex/texlive/2025/texmf-dist/tex/latex/amsfonts/umsa.fd
File: umsa.fd 2013/01/14 v3.01 AMS symbols A
)
LaTeX Font Info:    Trying to load font information for U+msb on input line 36.


(e:/latex/texlive/2025/texmf-dist/tex/latex/amsfonts/umsb.fd
File: umsb.fd 2013/01/14 v3.01 AMS symbols B
)
Package CJKpunct Info: use punctuation spaces for family 'rm' with punctstyle (
quanjiao) on input line 36.



(e:/latex/texlive/2025/texmf-dist/tex/generic/ctex/zhmap/ctex-zhmap-windows.tex
File: ctex-zhmap-windows.tex 2022/07/14 v2.5.10 Windows font map loader for pdf
TeX and DVIPDFMx (CTEX)
{e:/latex/texlive/2025/texmf-var/fonts/map/pdftex/updmap/pdftex.map}{UGBK.sfd}{
Unicode.sfd}) [1

{e:/latex/texlive/2025/texmf-dist/fonts/enc/dvips/cm-super/cm-super-ts1.enc}]

[2]

[3]
Overfull \hbox (10.75522pt too wide) in paragraph at lines 68--70
[]\C70/rm/bx/n/12/57 ˙ \C70/rm/bx/n/12/4e é \C70/rm/bx/n/12/65 9 \C70/rm/bx/n/1
2/8f €\OT1/cmr/bx/n/12 DnCNN\C70/rm/bx/n/12/4e ^^N \C70/rm/bx/n/12/6d ˜ \C70/rm
/bx/n/12/54 ^^H \C70/rm/bx/n/12/7b V \C70/rm/bx/n/12/75 e \C70/rm/bx/n/12/76 Ñ 
\C70/rm/bx/n/12/53 ª \C70/rm/bx/n/12/56 j \C70/rm/bx/n/12/6a ! \C70/rm/bx/n/12/
57 ã \C70/rm/bx/n/12/67 Ñ \C70/rm/bx/n/12/5e ˙|\C70/rm/bx/n/12/ff ^^Z|  \C70/rm
/m/n/12/67 , \C70/rm/m/n/12/78 ^^T \C70/rm/m/n/12/7a v \C70/rm/m/n/12/5e v \C70
/rm/m/n/12/97 ^ \C70/rm/m/n/12/7b Ä \C70/rm/m/n/12/53 U \C70/rm/m/n/12/5e î \C7
0/rm/m/n/12/75 ( \C70/rm/m/n/12/73 ∞ \C70/rm/m/n/12/67 	\OT1/cmr/m/n/12 DnCNN\C
70/rm/m/n/12/6a !
 []

<images/gaussian_noise.png, id=322, 417.05812pt x 167.12437pt>
File: images/gaussian_noise.png Graphic file (type png)
<use images/gaussian_noise.png>
Package pdftex.def Info: images/gaussian_noise.png  used on input line 85.
(pdftex.def)             Requested size: 362.37569pt x 145.2185pt.
<images/salt_pepper_noise.png, id=326, 417.05812pt x 169.63374pt>
File: images/salt_pepper_noise.png Graphic file (type png)
<use images/salt_pepper_noise.png>
Package pdftex.def Info: images/salt_pepper_noise.png  used on input line 95.
(pdftex.def)             Requested size: 362.37569pt x 147.39896pt.


[4]

[5 <./images/gaussian_noise.png> <./images/salt_pepper_noise.png>]

[6]

[7]
<images/dncnn_architecture.png, id=402, 416.8665pt x 234.549pt>
File: images/dncnn_architecture.png Graphic file (type png)
<use images/dncnn_architecture.png>
Package pdftex.def Info: images/dncnn_architecture.png  used on input line 183.

(pdftex.def)             Requested size: 452.9679pt x 254.87312pt.


[8 <./images/dncnn_architecture.png>]

[9]
Overfull \hbox (4.99316pt too wide) in paragraph at lines 258--259
\C70/rm/m/n/12/4e ∫\OT1/cmr/m/n/12 (2023)\C70/rm/m/n/12/76 Ñ \C70/rm/m/n/12/5d 
Â \C70/rm/m/n/12/4f \ \C70/rm/m/n/12/88 h \C70/rm/m/n/12/66 ^^N|\C70/rm/m/n/12/
ff ^^L| \C70/rm/m/n/12/90 ^^Z \C70/rm/m/n/12/8f « \C70/rm/m/n/12/7e ¸ \C70/rm/m
/n/12/54 ^^H \C70/rm/m/n/12/52 ^^F \C70/rm/m/n/12/67 ê \C70/rm/m/n/12/59 ^^Z \C
70/rm/m/n/12/4e * \C70/rm/m/n/12/8b ≠ \C70/rm/m/n/12/7e √ \C70/rm/m/n/12/63 ^^G
 \C70/rm/m/n/12/68 ^^G \C70/rm/m/n/12/53 Ô \C70/rm/m/n/12/4e Â \C70/rm/m/n/12/6
6 > \C70/rm/m/n/12/84 W \C70/rm/m/n/12/63 – \C70/rm/m/n/12/9a ÿ \C70/rm/m/n/12/
8f « \C70/rm/m/n/12/62 ﬂ \C70/rm/m/n/12/54 ^^H \C70/rm/m/n/12/8b ∆ \C70/rm/m/n/
12/52 + \C70/rm/m/n/12/76 Ñ \C70/rm/m/n/12/51 ∆ \C70/rm/m/n/12/78 n \C70/rm/m/n
/12/60 '\OT1/cmr/m/n/12 [[]]|\C70/rm/m/n/12/30 ^^B|
 []



[10]
Overfull \hbox (20.08443pt too wide) in paragraph at lines 272--273
\C70/rm/m/n/12/96 ∆ \C70/rm/m/n/12/4f \ \C70/rm/m/n/12/4e : \C70/rm/m/n/12/8b ≠
 \C70/rm/m/n/12/7e √ \C70/rm/m/n/12/96 ∆|\C70/rm/m/n/12/ff ^^L| \C70/rm/m/n/12/
4e Â\OT1/cmr/m/n/12 DIV2K[]valid[]LR[]x8|\C70/rm/m/n/12/30 ^^A| \OT1/cmr/m/n/12
 DIV2K[]valid[]LR[]mild|\C70/rm/m/n/12/30 ^^A| \OT1/cmr/m/n/12 DIV2K[]valid[]LR
[]difficult\C70/rm/m/n/12/4f \
 []


Overfull \hbox (43.91592pt too wide) in paragraph at lines 274--275
[]\C70/rm/m/n/12/8b ≠ \C70/rm/m/n/12/7e √ \C70/rm/m/n/12/96 ∆ \C70/rm/m/n/12/76
 Ñ \C70/rm/m/n/12/56 ˛ \C70/rm/m/n/12/72 G \C70/rm/m/n/12/90 ^^Z \C70/rm/m/n/12
/8f « \C70/rm/m/n/12/51 ‡ \C70/rm/m/n/12/79 Õ \C70/rm/m/n/12/5e 8 \C70/rm/m/n/1
2/89 ¡ \C70/rm/m/n/12/76 Ñ \C70/rm/m/n/12/7b ó \C70/rm/m/n/12/6c ’ \C70/rm/m/n/
12/6d ˚ \C70/rm/m/n/12/52 † \C70/rm/m/n/12/56 j \C70/rm/m/n/12/58 |\C70/rm/m/n
/12/ff ^^L| \C70/rm/m/n/12/51 v \C70/rm/m/n/12/4e - \C70/rm/m/n/12/9a ÿ \C70/rm
/m/n/12/65 Ø \C70/rm/m/n/12/56 j \C70/rm/m/n/12/58  \C70/rm/m/n/12/76 Ñ \C70/r
m/m/n/12/83 ^^C \C70/rm/m/n/12/56 Ù \C70/rm/m/n/12/4e :\OT1/cmr/m/n/12 gaussian
[]range[10,50]|\C70/rm/m/n/12/ff ^^L|
 []


Overfull \hbox (11.9053pt too wide) in paragraph at lines 274--275
\C70/rm/m/n/12/69 ^^R \C70/rm/m/n/12/76 – \C70/rm/m/n/12/56 j \C70/rm/m/n/12/58
  \C70/rm/m/n/12/76 Ñ \C70/rm/m/n/12/83 ^^C \C70/rm/m/n/12/56 Ù \C70/rm/m/n/12
/8b æ \C70/rm/m/n/12/7f n \C70/rm/m/n/12/4e :\OT1/cmr/m/n/12 salt[]pepper[]rang
e[5,30]|\C70/rm/m/n/12/ff ^^L| \C70/rm/m/n/12/6c   \C70/rm/m/n/12/67 ~ \C70/rm/
m/n/12/56 j \C70/rm/m/n/12/58  \C70/rm/m/n/12/83 ^^C \C70/rm/m/n/12/56 Ù \C70/
rm/m/n/12/8b æ \C70/rm/m/n/12/7f n \C70/rm/m/n/12/4e :\OT1/cmr/m/n/12 poisson[]
range[10,40]|\C70/rm/m/n/12/ff ^^L|
 []


Overfull \hbox (19.91592pt too wide) in paragraph at lines 276--277
[]\C70/rm/m/n/12/6d K \C70/rm/m/n/12/8b ’ \C70/rm/m/n/12/96 ∆ \C70/rm/m/n/12/76
 Ñ \C70/rm/m/n/12/56 ˛ \C70/rm/m/n/12/72 G \C70/rm/m/n/12/6d ˚ \C70/rm/m/n/12/5
2 † \C70/rm/m/n/12/9a ÿ \C70/rm/m/n/12/65 Ø \C70/rm/m/n/12/56 j \C70/rm/m/n/12/
58  \C70/rm/m/n/12/54 å \C70/rm/m/n/12/69 ^^R \C70/rm/m/n/12/76 – \C70/rm/m/n/
12/56 j \C70/rm/m/n/12/58 |\C70/rm/m/n/12/ff ^^L| \C70/rm/m/n/12/51 v \C70/rm/
m/n/12/4e - \C70/rm/m/n/12/9a ÿ \C70/rm/m/n/12/65 Ø \C70/rm/m/n/12/56 j \C70/rm
/m/n/12/58  \C70/rm/m/n/12/76 Ñ \C70/rm/m/n/12/83 ^^C \C70/rm/m/n/12/56 Ù \C70
/rm/m/n/12/4e :\OT1/cmr/m/n/12 gaussian[]range[10,50]|\C70/rm/m/n/12/ff ^^L|
 []



[11]
<images/training_loss-1.jpg, id=440, 1204.5pt x 803.0pt>
File: images/training_loss-1.jpg Graphic file (type jpg)
<use images/training_loss-1.jpg>
Package pdftex.def Info: images/training_loss-1.jpg  used on input line 342.
(pdftex.def)             Requested size: 452.9679pt x 301.98195pt.

Overfull \hbox (21.5437pt too wide) in paragraph at lines 347--348
[]\OT1/cmr/m/n/12 100\C70/rm/m/n/12/8f n \C70/rm/m/n/12/8b ≠ \C70/rm/m/n/12/7e 
√ \C70/rm/m/n/12/75 ( \C70/rm/m/n/12/65 ˆ\OT1/cmr/m/n/12 14\C70/rm/m/n/12/5c ^^
O \C70/rm/m/n/12/65 ˆ|\C70/rm/m/n/12/ff ^^L| \C70/rm/m/n/12/67 * \C70/rm/m/n/12
/89 Ê \C70/rm/m/n/12/53 — \C70/rm/m/n/12/65 È \C70/rm/m/n/12/50 \|\C70/rm/m/n/1
2/ff ^^L| \C70/rm/m/n/12/8b ≠ \C70/rm/m/n/12/7e √ \C70/rm/m/n/12/63 _ \C70/rm/m
/n/12/59 1 \C70/rm/m/n/12/4e Œ\OT1/cmr/m/n/12 0.014011\C70/rm/m/n/12/4e  \C70/
rm/m/n/12/96 M \C70/rm/m/n/12/52 0\OT1/cmr/m/n/12 0.002648|\C70/rm/m/n/12/ff ^^
L| \C70/rm/m/n/12/65 9 \C70/rm/m/n/12/8f €\OT1/cmr/m/n/12 81.1%|\C70/rm/m/n/12/
ff ^^L|
 []


Overfull \hbox (14.68597pt too wide) in paragraph at lines 347--348
\C70/rm/m/n/12/9a å \C70/rm/m/n/12/8b ¡ \C70/rm/m/n/12/63 _ \C70/rm/m/n/12/59 1
 \C70/rm/m/n/12/4e Œ\OT1/cmr/m/n/12 0.008280\C70/rm/m/n/12/4e  \C70/rm/m/n/12/
96 M \C70/rm/m/n/12/52 0\OT1/cmr/m/n/12 0.002613|\C70/rm/m/n/12/ff ^^L| \C70/rm
/m/n/12/65 9 \C70/rm/m/n/12/8f €\OT1/cmr/m/n/12 68.4%|\C70/rm/m/n/12/ff ^^L| \C
70/rm/m/n/12/67 ^^@ \C70/rm/m/n/12/54 ^^N \C70/rm/m/n/12/5f ó \C70/rm/m/n/12/52
 0 \C70/rm/m/n/12/4e Ü \C70/rm/m/n/12/67 Å \C70/rm/m/n/12/4f N \C70/rm/m/n/12/7
6 Ñ\OT1/cmr/m/n/12 MSE\C70/rm/m/n/12/63 _ \C70/rm/m/n/12/59 1|\C70/rm/m/n/12/ff
 ^^L| \OT1/cmr/m/n/12 0.002611|\C70/rm/m/n/12/30 ^^B|
 []


Underfull \hbox (badness 10000) in paragraph at lines 347--348

 []


Underfull \hbox (badness 10000) in paragraph at lines 363--363
[]\OT1/cmr/m/n/10 288\C70/rm/m/n/10/6b !
 []


Underfull \hbox (badness 10000) in paragraph at lines 364--364
[]\OT1/cmr/m/n/10 12\C70/rm/m/n/10/6b !
 []


Underfull \hbox (badness 10000) in paragraph at lines 365--365
[]\OT1/cmr/m/n/10 0\C70/rm/m/n/10/6b !
 []


Underfull \hbox (badness 10000) in paragraph at lines 366--366
[]\OT1/cmr/m/n/10 0\C70/rm/m/n/10/6b !
 []


Underfull \hbox (badness 10000) in paragraph at lines 367--367
[]\OT1/cmr/m/n/10 0\C70/rm/m/n/10/6b !
 []


Overfull \hbox (3.15463pt too wide) in paragraph at lines 368--368
[]\OT1/cmr/m/n/10 Traditional[]Hybrid| 
 []


Underfull \hbox (badness 10000) in paragraph at lines 368--368
[]\OT1/cmr/m/n/10 0\C70/rm/m/n/10/6b !
 []


Underfull \hbox (badness 10000) in paragraph at lines 369--369
[]\OT1/cmr/m/n/10 0\C70/rm/m/n/10/6b !
 []


Underfull \hbox (badness 1558) in paragraph at lines 369--369
[]\C70/rm/m/n/10/59 ^^Z \C70/rm/m/n/10/4f   \C70/rm/m/n/10/7e ﬂ \C70/rm/m/n/10/
65 π \C70/rm/m/n/10/6c ’ \C70/rm/m/n/10/5e v \C70/rm/m/n/10/88 L \C70/rm/m/n/10
/59 ^^D \C70/rm/m/n/10/74 ^^F\OT1/cmr/m/n/10 +\C70/rm/m/n/10/81 Í
 []



[12]
<images/image14.png, id=449, 416.8665pt x 102.8205pt>
File: images/image14.png Graphic file (type png)
<use images/image14.png>
Package pdftex.def Info: images/image14.png  used on input line 379.
(pdftex.def)             Requested size: 452.9679pt x 111.73007pt.


[13 <./images/training_loss-1.jpg> <./images/image14.png>]

[14]

[15]

[16]
Underfull \hbox (badness 3769) in paragraph at lines 455--456
[]\C70/rm/m/n/12/90 Ì \C70/rm/m/n/12/6d w \C70/rm/m/n/12/74 ^\OT1/cmr/m/n/12 ,\
C70/rm/m/n/12/4e … \C70/rm/m/n/12/59 ) \C70/rm/m/n/12/5b á\OT1/cmr/m/n/12 ,\C70
/rm/m/n/12/66 ˘ \C70/rm/m/n/12/74 ^ \C70/rm/m/n/12/96 Í\OT1/cmr/m/n/12 . \C70/r
m/m/n/12/4e ^^@ \C70/rm/m/n/12/79 Õ \C70/rm/m/n/12/65 ∞ \C70/rm/m/n/12/76 Ñ \C7
0/rm/m/n/12/90 e \C70/rm/m/n/12/61 ^^_ \C70/rm/m/n/12/5f q \C70/rm/m/n/12/50 œ 
\C70/rm/m/n/12/69 ^^R \C70/rm/m/n/12/76 – \C70/rm/m/n/12/56 j \C70/rm/m/n/12/58
  \C70/rm/m/n/12/53 ª \C70/rm/m/n/12/96 d \C70/rm/m/n/12/65 π \C70/rm/m/n/12/6
c ’\OT1/cmr/m/n/12 [J]. \C70/rm/m/n/12/6d w  K
 []



[17]

[18] (./main.aux)
 ***********
LaTeX2e <2024-11-01> patch level 2
L3 programming layer <2022/07/14>
 ***********


LaTeX Warning: Label(s) may have changed. Rerun to get cross-references right.


Package rerunfilecheck Warning: File `main.out' has changed.
(rerunfilecheck)                Rerun to get outlines right
(rerunfilecheck)                or use package `bookmark'.

Package rerunfilecheck Info: Checksums for `main.out':
(rerunfilecheck)             Before: 987D2F8DEEC5476A2984CB2E53AD147C;3960
(rerunfilecheck)             After:  39C40D72F658D30CDDDE0993D076E71A;4060.
 ) 
Here is how much of TeX's memory you used:
 15957 strings out of 473190
 264385 string characters out of 5716853
 656347 words of memory out of 5000000
 38420 multiletter control sequences out of 15000+600000
 662403 words of font info for 418 fonts, out of 8000000 for 9000
 1141 hyphenation exceptions out of 8191
 80i,11n,83p,1515b,585s stack positions out of 10000i,1000n,20000p,200000b,200000s
<c:/Windows/Fonts/simhei.ttf><c:/Windows/Fonts/simsun.ttc><c:/Windows/Fonts/s
imhei.ttf><c:/Windows/Fonts/simhei.ttf><c:/Windows/Fonts/simhei.ttf><c:/Windows
/Fonts/simhei.ttf><c:/Windows/Fonts/simsun.ttc><c:/Windows/Fonts/simhei.ttf><c:
/Windows/Fonts/simhei.ttf><c:/Windows/Fonts/simhei.ttf><c:/Windows/Fonts/simhei
.ttf><c:/Windows/Fonts/simhei.ttf><c:/Windows/Fonts/simhei.ttf><c:/Windows/Font
s/simsun.ttc><c:/Windows/Fonts/simhei.ttf><c:/Windows/Fonts/simhei.ttf><c:/Wind
ows/Fonts/simhei.ttf><c:/Windows/Fonts/simhei.ttf><c:/Windows/Fonts/simhei.ttf>
<c:/Windows/Fonts/simhei.ttf><c:/Windows/Fonts/simhei.ttf><c:/Windows/Fonts/sim
sun.ttc><c:/Windows/Fonts/simsun.ttc><c:/Windows/Fonts/simhei.ttf><c:/Windows/F
onts/simhei.ttf><c:/Windows/Fonts/simhei.ttf><c:/Windows/Fonts/simhei.ttf><c:/W
indows/Fonts/simhei.ttf><c:/Windows/Fonts/simsun.ttc><c:/Windows/Fonts/simhei.t
tf><c:/Windows/Fonts/simhei.ttf><c:/Windows/Fonts/simhei.ttf><c:/Windows/Fonts/
simhei.ttf><c:/Windows/Fonts/simhei.ttf><c:/Windows/Fonts/simhei.ttf><c:/Window
s/Fonts/simhei.ttf><c:/Windows/Fonts/simhei.ttf><c:/Windows/Fonts/simhei.ttf><c
:/Windows/Fonts/simsun.ttc><c:/Windows/Fonts/simhei.ttf><c:/Windows/Fonts/simhe
i.ttf><c:/Windows/Fonts/simhei.ttf><c:/Windows/Fonts/simhei.ttf><c:/Windows/Fon
ts/simhei.ttf><c:/Windows/Fonts/simhei.ttf><c:/Windows/Fonts/simhei.ttf><c:/Win
dows/Fonts/simhei.ttf><c:/Windows/Fonts/simhei.ttf><c:/Windows/Fonts/simhei.ttf
><c:/Windows/Fonts/simhei.ttf><c:/Windows/Fonts/simhei.ttf><c:/Windows/Fonts/si
mhei.ttf><c:/Windows/Fonts/simsun.ttc><c:/Windows/Fonts/simsun.ttc><c:/Windows/
Fonts/simhei.ttf><c:/Windows/Fonts/simhei.ttf><c:/Windows/Fonts/simhei.ttf><c:/
Windows/Fonts/simhei.ttf><c:/Windows/Fonts/simhei.ttf><c:/Windows/Fonts/simsun.
ttc><c:/Windows/Fonts/simsun.ttc><c:/Windows/Fonts/simsun.ttc><c:/Windows/Fonts
/simsun.ttc><c:/Windows/Fonts/simsun.ttc><c:/Windows/Fonts/simsun.ttc><c:/Windo
ws/Fonts/simsun.ttc><c:/Windows/Fonts/simsun.ttc><c:/Windows/Fonts/simsun.ttc><
c:/Windows/Fonts/simsun.ttc><c:/Windows/Fonts/simsun.ttc><c:/Windows/Fonts/sims
un.ttc><c:/Windows/Fonts/simsun.ttc><c:/Windows/Fonts/simsun.ttc><c:/Windows/Fo
nts/simhei.ttf><c:/Windows/Fonts/simhei.ttf><c:/Windows/Fonts/simhei.ttf><c:/Wi
ndows/Fonts/simhei.ttf><c:/Windows/Fonts/simhei.ttf><c:/Windows/Fonts/simhei.tt
f><c:/Windows/Fonts/simhei.ttf><c:/Windows/Fonts/simhei.ttf><c:/Windows/Fonts/s
imsun.ttc><c:/Windows/Fonts/simhei.ttf><c:/Windows/Fonts/simhei.ttf><c:/Windows
/Fonts/simhei.ttf><c:/Windows/Fonts/simhei.ttf><c:/Windows/Fonts/simsun.ttc><c:
/Windows/Fonts/simsun.ttc><c:/Windows/Fonts/simsun.ttc><c:/Windows/Fonts/simsun
.ttc><c:/Windows/Fonts/simsun.ttc><c:/Windows/Fonts/simsun.ttc><c:/Windows/Font
s/simsun.ttc><c:/Windows/Fonts/simsun.ttc><c:/Windows/Fonts/simsun.ttc><c:/Wind
ows/Fonts/simsun.ttc><c:/Windows/Fonts/simsun.ttc><c:/Windows/Fonts/simsun.ttc>
<c:/Windows/Fonts/simsun.ttc><c:/Windows/Fonts/simsun.ttc><c:/Windows/Fonts/sim
sun.ttc><c:/Windows/Fonts/simsun.ttc><c:/Windows/Fonts/simsun.ttc><c:/Windows/F
onts/simsun.ttc><c:/Windows/Fonts/simsun.ttc><c:/Windows/Fonts/simsun.ttc><c:/W
indows/Fonts/simsun.ttc><c:/Windows/Fonts/simsun.ttc><c:/Windows/Fonts/simsun.t
tc><c:/Windows/Fonts/simsun.ttc><c:/Windows/Fonts/simsun.ttc><c:/Windows/Fonts/
simsun.ttc><c:/Windows/Fonts/simsun.ttc><c:/Windows/Fonts/simsun.ttc><c:/Window
s/Fonts/simsun.ttc><c:/Windows/Fonts/simsun.ttc><c:/Windows/Fonts/simsun.ttc><c
:/Windows/Fonts/simsun.ttc><c:/Windows/Fonts/simsun.ttc><c:/Windows/Fonts/simsu
n.ttc><c:/Windows/Fonts/simsun.ttc><c:/Windows/Fonts/simsun.ttc><c:/Windows/Fon
ts/simhei.ttf><c:/Windows/Fonts/simhei.ttf><c:/Windows/Fonts/simsun.ttc><c:/Win
dows/Fonts/simsun.ttc><c:/Windows/Fonts/simsun.ttc><c:/Windows/Fonts/simsun.ttc
><c:/Windows/Fonts/simsun.ttc><c:/Windows/Fonts/simsun.ttc><c:/Windows/Fonts/si
msun.ttc><c:/Windows/Fonts/simsun.ttc><c:/Windows/Fonts/simsun.ttc><c:/Windows/
Fonts/simsun.ttc><c:/Windows/Fonts/simsun.ttc><c:/Windows/Fonts/simsun.ttc><c:/
Windows/Fonts/simsun.ttc><c:/Windows/Fonts/simsun.ttc><c:/Windows/Fonts/simsun.
ttc><c:/Windows/Fonts/simsun.ttc><c:/Windows/Fonts/simsun.ttc><c:/Windows/Fonts
/simsun.ttc><c:/Windows/Fonts/simsun.ttc><e:/latex/texlive/2025/texmf-dist/font
s/type1/public/amsfonts/cm/cmbx12.pfb><e:/latex/texlive/2025/texmf-dist/fonts/t
ype1/public/amsfonts/cm/cmex10.pfb><e:/latex/texlive/2025/texmf-dist/fonts/type
1/public/amsfonts/cm/cmmi12.pfb><e:/latex/texlive/2025/texmf-dist/fonts/type1/p
ublic/amsfonts/cm/cmmi6.pfb><e:/latex/texlive/2025/texmf-dist/fonts/type1/publi
c/amsfonts/cm/cmmi8.pfb><e:/latex/texlive/2025/texmf-dist/fonts/type1/public/am
sfonts/cm/cmr10.pfb><e:/latex/texlive/2025/texmf-dist/fonts/type1/public/amsfon
ts/cm/cmr12.pfb><e:/latex/texlive/2025/texmf-dist/fonts/type1/public/amsfonts/c
m/cmr8.pfb><e:/latex/texlive/2025/texmf-dist/fonts/type1/public/amsfonts/cm/cms
y10.pfb><e:/latex/texlive/2025/texmf-dist/fonts/type1/public/amsfonts/cm/cmsy6.
pfb><e:/latex/texlive/2025/texmf-dist/fonts/type1/public/amsfonts/cm/cmsy8.pfb>
<e:/latex/texlive/2025/texmf-dist/fonts/type1/public/amsfonts/cm/cmtt12.pfb><e:
/latex/texlive/2025/texmf-dist/fonts/type1/public/cm-super/sfrm0700.pfb><e:/lat
ex/texlive/2025/texmf-dist/fonts/type1/public/cm-super/sfrm1000.pfb><e:/latex/t
exlive/2025/texmf-dist/fonts/type1/public/cm-super/sfrm1200.pfb>
Output written on main.pdf (18 pages, 2288835 bytes).
PDF statistics:
 1018 PDF objects out of 1200 (max. 8388607)
 729 compressed objects within 8 object streams
 72 named destinations out of 1000 (max. 500000)
 598 words of extra memory for PDF output out of 10000 (max. 10000000)

